<?xml version="1.0" encoding="UTF-8"?>
<!-- Generated by org.testng.reporters.JUnitReportReporter -->
<testsuite skipped="0" hostname="LAPTOP-M2DO8JV9" name="com.Google.CucumberOptions.TestRunner" tests="1" failures="0" timestamp="22 May 2021 13:17:47 GMT" time="9.030" errors="0">
  <testcase name="feature" time="9.030" classname="com.Google.CucumberOptions.TestRunner"/>
</testsuite> <!-- com.Google.CucumberOptions.TestRunner -->
