<?xml version="1.0" encoding="UTF-8"?>
<!-- Generated by org.testng.reporters.JUnitReportReporter -->
<testsuite skipped="0" hostname="Lenovo" name="com.PageSpeed.CucumberOptions.TestRunner" tests="1" failures="0" timestamp="27 Nov 2020 12:42:29 GMT" time="28.965" errors="0">
  <testcase name="feature" time="28.965" classname="com.PageSpeed.CucumberOptions.TestRunner"/>
</testsuite> <!-- com.PageSpeed.CucumberOptions.TestRunner -->
