<?xml version="1.0" encoding="UTF-8"?>
<!-- Generated by org.testng.reporters.JUnitReportReporter -->
<testsuite skipped="1" hostname="LAPTOP-M2DO8JV9" name="Practice.parallerBrowsers" tests="2" failures="0" timestamp="22 Mar 2021 10:12:20 GMT" time="0.000" errors="1">
  <testcase name="test" time="0.000" classname="Practice.parallerBrowsers">
    <skipped/>
  </testcase> <!-- test -->
  <testcase name="setup" time="0.000" classname="Practice.parallerBrowsers">
    <error type="org.testng.TestNGException" message="
Parameter &#039;browsers&#039; is required by BeforeTest on method setup but has not been marked @Optional or defined
in D:\Automation\Automation Projects\PageSpeedTesting\testngbrowsers.xml">
      <![CDATA[org.testng.TestNGException: 
Parameter 'browsers' is required by BeforeTest on method setup but has not been marked @Optional or defined
in D:\Automation\Automation Projects\PageSpeedTesting\testngbrowsers.xml
at org.testng.internal.Parameters.createParams(Parameters.java:290)
at org.testng.internal.Parameters.createParametersForMethod(Parameters.java:359)
at org.testng.internal.Parameters.createParameters(Parameters.java:620)
at org.testng.internal.Parameters.createConfigurationParameters(Parameters.java:190)
at org.testng.internal.Invoker.invokeConfigurations(Invoker.java:209)
at org.testng.internal.Invoker.invokeConfigurations(Invoker.java:142)
at org.testng.TestRunner.beforeRun(TestRunner.java:529)
at org.testng.TestRunner.run(TestRunner.java:497)
at org.testng.SuiteRunner.runTest(SuiteRunner.java:455)
at org.testng.SuiteRunner.access$000(SuiteRunner.java:40)
at org.testng.SuiteRunner$SuiteWorker.run(SuiteRunner.java:489)
at org.testng.internal.thread.ThreadUtil$1.call(ThreadUtil.java:52)
at java.util.concurrent.FutureTask.run(Unknown Source)
at java.util.concurrent.ThreadPoolExecutor.runWorker(Unknown Source)
at java.util.concurrent.ThreadPoolExecutor$Worker.run(Unknown Source)
at java.lang.Thread.run(Unknown Source)
]]>
    </error>
  </testcase> <!-- setup -->
</testsuite> <!-- Practice.parallerBrowsers -->
