<?xml version="1.0" encoding="UTF-8"?>
<!-- Generated by org.testng.reporters.JUnitReportReporter -->
<testsuite skipped="0" hostname="Lenovo" name="Practice.FullpageScreenshot" tests="1" failures="0" timestamp="10 Dec 2020 14:15:01 GMT" time="1.182" errors="0">
  <testcase name="getFullPageScreenshot" time="1.182" classname="Practice.FullpageScreenshot"/>
</testsuite> <!-- Practice.FullpageScreenshot -->
