<?xml version="1.0" encoding="UTF-8"?>
<!-- Generated by org.testng.reporters.JUnitReportReporter -->
<testsuite skipped="0" hostname="Lenovo" name="com.PageSpeed.CucumberOptions.TestRunner" tests="3" failures="0" timestamp="03 Dec 2020 06:09:01 GMT" time="717.954" errors="0">
  <testcase name="feature" time="262.493" classname="com.PageSpeed.CucumberOptions.TestRunner"/>
  <testcase name="feature" time="30.564" classname="com.PageSpeed.CucumberOptions.TestRunner"/>
  <testcase name="feature" time="424.897" classname="com.PageSpeed.CucumberOptions.TestRunner"/>
</testsuite> <!-- com.PageSpeed.CucumberOptions.TestRunner -->
