<?xml version="1.0" encoding="UTF-8"?>
<!-- Generated by org.testng.reporters.JUnitReportReporter -->
<testsuite skipped="0" hostname="Lenovo" name="com.PageSpeed.CucumberOptions.TestRunner" tests="1" failures="0" timestamp="10 Dec 2020 16:05:33 GMT" time="37.814" errors="0">
  <testcase name="feature" time="37.814" classname="com.PageSpeed.CucumberOptions.TestRunner"/>
</testsuite> <!-- com.PageSpeed.CucumberOptions.TestRunner -->
