<?xml version="1.0" encoding="UTF-8"?>
<!-- Generated by org.testng.reporters.JUnitReportReporter -->
<testsuite skipped="0" hostname="Lenovo" name="com.PageSpeed.CucumberOptions.TestRunner" tests="2" failures="0" timestamp="10 Dec 2020 17:00:29 GMT" time="45.071" errors="0">
  <testcase name="feature" time="33.629" classname="com.PageSpeed.CucumberOptions.TestRunner"/>
  <testcase name="feature" time="11.442" classname="com.PageSpeed.CucumberOptions.TestRunner"/>
</testsuite> <!-- com.PageSpeed.CucumberOptions.TestRunner -->
